info it worked if it ends with ok
verbose cli [ 'node', '/usr/bin/npm', 'install', '-g', 'n' ]
info using npm@1.1.4
info using node@v0.6.12
verbose config file /home/ubuntu/.npmrc
verbose config file /usr/etc/npmrc
verbose config file /usr/share/npm/npmrc
verbose cache add [ 'n', null ]
silly cache add: name, spec, args [ undefined, 'n', [ 'n', null ] ]
verbose parsed url { pathname: 'n', path: 'n', href: 'n' }
verbose addNamed [ 'n', '' ]
verbose addNamed [ null, '' ]
silly name, range, hasData [ 'n', '', false ]
verbose raw, before any munging n
verbose url resolving [ 'https://registry.npmjs.org/', './n' ]
verbose url resolved https://registry.npmjs.org/n
http GET https://registry.npmjs.org/n
http 200 https://registry.npmjs.org/n
silly get cb [ 200,
silly get cb   { vary: 'Accept',
silly get cb     server: 'CouchDB/1.3.0 (Erlang OTP/R15B03)',
silly get cb     etag: '"3VE2BASUD7Z3EDO6705ZSNIMO"',
silly get cb     date: 'Fri, 12 Jul 2013 03:04:26 GMT',
silly get cb     'content-type': 'application/json',
silly get cb     'content-length': '71871' } ]
verbose mkdir (expected) error ENOENT, no such file or directory '/home/ubuntu/.npm/n'
verbose mkdir done: /home/ubuntu/.npm/n 755
silly name, range, hasData 2 [ 'n', '', true ]
silly versions [ 'n',
silly versions   [ '0.0.1',
silly versions     '0.0.2',
silly versions     '0.0.3',
silly versions     '0.0.4',
silly versions     '0.1.0',
silly versions     '0.1.1',
silly versions     '0.1.2',
silly versions     '0.2.0',
silly versions     '0.2.1',
silly versions     '0.2.2',
silly versions     '0.3.0',
silly versions     '0.4.0',
silly versions     '0.4.1',
silly versions     '0.4.2',
silly versions     '0.5.0',
silly versions     '0.5.1',
silly versions     '0.5.2',
silly versions     '0.5.3',
silly versions     '0.5.4',
silly versions     '0.6.0',
silly versions     '0.6.1',
silly versions     '0.7.0',
silly versions     '0.7.1',
silly versions     '0.7.2',
silly versions     '0.7.3',
silly versions     '0.8.0',
silly versions     '0.8.1',
silly versions     '0.8.2',
silly versions     '0.9.0',
silly versions     '0.9.1',
silly versions     '0.9.2',
silly versions     '0.9.3',
silly versions     '1.0.0',
silly versions     '1.1.0' ] ]
verbose bin dist [ '0.6-ares1.7.5-evundefined-openssl1.0.1-v83.7.12.22-linux-x64-3.2.0-40-virtual',
verbose bin dist   { shasum: '0d49b9afba1577e237014b24a2dffc4e5d7f3e67',
verbose bin dist     tarball: 'http://registry.npmjs.org/n/-/n-1.1.0.tgz' } ]
verbose addRemoteTarball [ 'https://registry.npmjs.org/n/-/n-1.1.0.tgz',
verbose addRemoteTarball   '0d49b9afba1577e237014b24a2dffc4e5d7f3e67' ]
verbose mkdir (expected) error ENOENT, no such file or directory '/tmp/npm-1373598268507'
verbose mkdir (expected) error ENOENT, no such file or directory '/tmp/npm-1373598268507/1373598268507-0.8256277558393776'
verbose mkdir done: /tmp/npm-1373598268507/1373598268507-0.8256277558393776 755
verbose fetch to /tmp/npm-1373598268507/1373598268507-0.8256277558393776/tmp.tgz
http GET https://registry.npmjs.org/n/-/n-1.1.0.tgz
http 200 https://registry.npmjs.org/n/-/n-1.1.0.tgz
silly updated sha bytes 5872
info shasum 0d49b9afba1577e237014b24a2dffc4e5d7f3e67
info shasum /tmp/npm-1373598268507/1373598268507-0.8256277558393776/tmp.tgz
verbose mkdir (expected) error ENOENT, no such file or directory '/tmp/npm-1373598268507/1373598268507-0.8256277558393776/___package.npm'
verbose mkdir done: /tmp/npm-1373598268507/1373598268507-0.8256277558393776/___package.npm 755
verbose unpack_ uid, gid [ undefined, undefined ]
verbose unpackTarget /tmp/npm-1373598268507/1373598268507-0.8256277558393776/package
silly gunzTarPerm modes [ '755', '644' ]
silly afterUntar ok
silly asyncMap in gTP /tmp/npm-1373598268507/1373598268507-0.8256277558393776/___package.npm/package
silly asyncMap in gTP /tmp/npm-1373598268507/1373598268507-0.8256277558393776/___package.npm/package/History.md
silly asyncMap in gTP /tmp/npm-1373598268507/1373598268507-0.8256277558393776/___package.npm/package/Readme.md
silly asyncMap in gTP /tmp/npm-1373598268507/1373598268507-0.8256277558393776/___package.npm/package/Makefile
silly asyncMap in gTP /tmp/npm-1373598268507/1373598268507-0.8256277558393776/___package.npm/package/package.json
silly asyncMap in gTP /tmp/npm-1373598268507/1373598268507-0.8256277558393776/___package.npm/package/bin
silly asyncMap in gTP /tmp/npm-1373598268507/1373598268507-0.8256277558393776/___package.npm/package/bin/n
silly chmod package 755
silly chmod bin 755
verbose gunzed /tmp/npm-1373598268507/1373598268507-0.8256277558393776/___package.npm/package
verbose rm'ed /tmp/npm-1373598268507/1373598268507-0.8256277558393776/package
verbose renamed [ '/tmp/npm-1373598268507/1373598268507-0.8256277558393776/___package.npm/package',
verbose renamed   '/tmp/npm-1373598268507/1373598268507-0.8256277558393776/package' ]
verbose caching /tmp/npm-1373598268507/1373598268507-0.8256277558393776/package/package.json
verbose loadDefaults n@1.1.0
verbose tarball contents [ 'tmp.tgz', 'package' ]
verbose from cache /tmp/npm-1373598268507/1373598268507-0.8256277558393776/package/package.json
verbose pack /tmp/npm-1373598268507/1373598268507-0.8256277558393776/package
verbose pack /tmp/npm-1373598268507/1373598268507-0.8256277558393776/package /home/ubuntu/.npm/n/1.1.0/package.tgz
silly makeList /tmp/npm-1373598268507/1373598268507-0.8256277558393776/package
silly dir, dirLen [ '/tmp/npm-1373598268507/1373598268507-0.8256277558393776/package',
silly dir, dirLen   64 ]
verbose tarball /home/ubuntu/.npm/n/1.1.0/package.tgz
verbose parent /tmp/npm-1373598268507/1373598268507-0.8256277558393776/package
verbose mkdir (expected) error ENOENT, no such file or directory '/home/ubuntu/.npm/n/1.1.0/___package.npm'
verbose mkdir done: /home/ubuntu/.npm/n/1.1.0/___package.npm 755
verbose unpack_ uid, gid [ undefined, undefined ]
verbose unpackTarget /home/ubuntu/.npm/n/1.1.0/package
silly gunzTarPerm modes [ '755', '644' ]
silly afterUntar ok
silly asyncMap in gTP /home/ubuntu/.npm/n/1.1.0/___package.npm/package
silly asyncMap in gTP /home/ubuntu/.npm/n/1.1.0/___package.npm/package/History.md
silly asyncMap in gTP /home/ubuntu/.npm/n/1.1.0/___package.npm/package/Readme.md
silly asyncMap in gTP /home/ubuntu/.npm/n/1.1.0/___package.npm/package/Makefile
silly asyncMap in gTP /home/ubuntu/.npm/n/1.1.0/___package.npm/package/package.json
silly asyncMap in gTP /home/ubuntu/.npm/n/1.1.0/___package.npm/package/bin
silly asyncMap in gTP /home/ubuntu/.npm/n/1.1.0/___package.npm/package/bin/n
silly chmod package 755
verbose gunzed /home/ubuntu/.npm/n/1.1.0/___package.npm/package
verbose rm'ed /home/ubuntu/.npm/n/1.1.0/package
verbose renamed [ '/home/ubuntu/.npm/n/1.1.0/___package.npm/package',
verbose renamed   '/home/ubuntu/.npm/n/1.1.0/package' ]
verbose caching /home/ubuntu/.npm/n/1.1.0/package/package.json
verbose loadDefaults n@1.1.0
silly updated sha bytes 5902
info shasum 79d58ddf051c9ccfafc2fc5ca441c25713e68716
info shasum /home/ubuntu/.npm/n/1.1.0/package.tgz
verbose from cache /home/ubuntu/.npm/n/1.1.0/package/package.json
verbose chmod /home/ubuntu/.npm/n/1.1.0/package.tgz 644
verbose chown [ '/home/ubuntu/.npm/n/1.1.0/package.tgz', 1000, 1000 ]
silly resolved [ { name: 'n',
silly resolved     description: 'node version manager',
silly resolved     version: '1.1.0',
silly resolved     author: { name: 'TJ Holowaychuk', email: 'tj@vision-media.ca' },
silly resolved     homepage: 'https://github.com/visionmedia/n',
silly resolved     bugs: { name: 'https://github.com/visionmedia/n/issues' },
silly resolved     keywords: [ 'node', 'binary', 'version', 'env' ],
silly resolved     bin: { n: './bin/n' },
silly resolved     repository: { type: 'git', url: 'git://github.com/visionmedia/n.git' },
silly resolved     engines: { node: '*' },
silly resolved     license: 'MIT',
silly resolved     _id: 'n@1.1.0',
silly resolved     dependencies: {},
silly resolved     devDependencies: {},
silly resolved     optionalDependencies: {},
silly resolved     _engineSupported: true,
silly resolved     _npmVersion: '1.1.4',
silly resolved     _nodeVersion: 'v0.6.12',
silly resolved     _defaultsLoaded: true,
silly resolved     dist: { shasum: '79d58ddf051c9ccfafc2fc5ca441c25713e68716' },
silly resolved     _from: 'n' } ]
info into /usr/local/lib n@1.1.0
info installOne n@1.1.0
verbose from cache /home/ubuntu/.npm/n/1.1.0/package/package.json
info unbuild /usr/local/lib/node_modules/n
verbose mkdir (expected) error ENOENT, no such file or directory '/usr/local/lib/node_modules'
verbose unpack_ uid, gid [ undefined, undefined ]
verbose unpackTarget /usr/local/lib/node_modules/n
ERR! Could not create /usr/local/lib/node_modules/___n.npm
ERR! error installing n@1.1.0
info unbuild /usr/local/lib/node_modules/n
verbose installOne cb n@1.1.0
ERR! Error: EACCES, permission denied '/usr/local/lib/node_modules'
ERR! 
ERR! Please try running this command again as root/Administrator.
ERR! 
ERR! System Linux 3.2.0-40-virtual
ERR! command "node" "/usr/bin/npm" "install" "-g" "n"
ERR! cwd /home/ubuntu/w2/bitstarter
ERR! node -v v0.6.12
ERR! npm -v 1.1.4
ERR! path /usr/local/lib/node_modules
ERR! code EACCES
ERR! message EACCES, permission denied '/usr/local/lib/node_modules'
ERR! errno {}
verbose exit [ 1, true ]
